# JRE version: OpenJDK Runtime Environment Temurin-17.0.7+7 (17.0.7+7) (build 17.0.7+7)
# Java VM: OpenJDK 64-Bit Server VM Temurin-17.0.7+7 (17.0.7+7, mixed mode, sharing, tiered, compressed oops, compressed class ptrs, g1 gc, windows-amd64)
GC Precious Log:
 CPUs: 20 total, 20 available
 Memory: 14029M
 Large Page Support: Disabled
 NUMA Support: Disabled
 Compressed Oops: Enabled (Zero based)
 Heap Region Size: 2M
 Heap Min Capacity: 512M
 Heap Initial Capacity: 512M
 Heap Max Capacity: 4072M
 Pre-touch: Disabled
 Parallel Workers: 15
 Concurrent Workers: 4
 Concurrent Refinement Workers: 15
 Periodic GC: Disabled
 String Deduplication is enabled
Heap:
 garbage-first heap   total 524288K, used 158477K [0x0000000701800000, 0x0000000800000000)
  region size 2048K, 6 young (12288K), 1 survivors (2048K)
 Metaspace       used 98166K, committed 99008K, reserved 1179648K
  class space    used 13022K, committed 13504K, reserved 1048576K
GC Heap History (20 events):
Event: 4809.951 GC heap before
{Heap before GC invocations=655 (full 146):
 garbage-first heap   total 524288K, used 229665K [0x0000000701800000, 0x0000000800000000)
  region size 2048K, 40 young (81920K), 1 survivors (2048K)
 Metaspace       used 98158K, committed 99008K, reserved 1179648K
  class space    used 13022K, committed 13504K, reserved 1048576K
}
Event: 4809.953 GC heap after
{Heap after GC invocations=656 (full 146):
 garbage-first heap   total 524288K, used 149794K [0x0000000701800000, 0x0000000800000000)
  region size 2048K, 1 young (2048K), 1 survivors (2048K)
 Metaspace       used 98158K, committed 99008K, reserved 1179648K
  class space    used 13022K, committed 13504K, reserved 1048576K
}
Event: 4816.967 GC heap before
{Heap before GC invocations=656 (full 146):
 garbage-first heap   total 524288K, used 229666K [0x0000000701800000, 0x0000000800000000)
  region size 2048K, 40 young (81920K), 1 survivors (2048K)
 Metaspace       used 98158K, committed 99008K, reserved 1179648K
  class space    used 13022K, committed 13504K, reserved 1048576K
}
Event: 4816.969 GC heap after
{Heap after GC invocations=657 (full 146):
 garbage-first heap   total 524288K, used 149812K [0x0000000701800000, 0x0000000800000000)
  region size 2048K, 1 young (2048K), 1 survivors (2048K)
 Metaspace       used 98158K, committed 99008K, reserved 1179648K
  class space    used 13022K, committed 13504K, reserved 1048576K
}
Event: 4822.358 GC heap before
{Heap before GC invocations=657 (full 146):
 garbage-first heap   total 524288K, used 229684K [0x0000000701800000, 0x0000000800000000)
  region size 2048K, 40 young (81920K), 1 survivors (2048K)
 Metaspace       used 98160K, committed 99008K, reserved 1179648K
  class space    used 13022K, committed 13504K, reserved 1048576K
}
Event: 4822.359 GC heap after
{Heap after GC invocations=658 (full 146):
 garbage-first heap   total 524288K, used 149764K [0x0000000701800000, 0x0000000800000000)
  region size 2048K, 1 young (2048K), 1 survivors (2048K)
 Metaspace       used 98160K, committed 99008K, reserved 1179648K
  class space    used 13022K, committed 13504K, reserved 1048576K
}
Event: 4825.096 GC heap before
{Heap before GC invocations=658 (full 146):
 garbage-first heap   total 524288K, used 229636K [0x0000000701800000, 0x0000000800000000)
  region size 2048K, 40 young (81920K), 1 survivors (2048K)
 Metaspace       used 98160K, committed 99008K, reserved 1179648K
  class space    used 13022K, committed 13504K, reserved 1048576K
}
Event: 4825.098 GC heap after
{Heap after GC invocations=659 (full 146):
 garbage-first heap   total 524288K, used 149707K [0x0000000701800000, 0x0000000800000000)
  region size 2048K, 1 young (2048K), 1 survivors (2048K)
 Metaspace       used 98160K, committed 99008K, reserved 1179648K
  class space    used 13022K, committed 13504K, reserved 1048576K
}
Event: 4827.226 GC heap before
{Heap before GC invocations=659 (full 146):
 garbage-first heap   total 524288K, used 229579K [0x0000000701800000, 0x0000000800000000)
  region size 2048K, 40 young (81920K), 1 survivors (2048K)
 Metaspace       used 98160K, committed 99008K, reserved 1179648K
  class space    used 13022K, committed 13504K, reserved 1048576K
}
Event: 4827.227 GC heap after
{Heap after GC invocations=660 (full 146):
 garbage-first heap   total 524288K, used 149717K [0x0000000701800000, 0x0000000800000000)
  region size 2048K, 1 young (2048K), 1 survivors (2048K)
 Metaspace       used 98160K, committed 99008K, reserved 1179648K
  class space    used 13022K, committed 13504K, reserved 1048576K
}
Event: 4835.291 GC heap before
{Heap before GC invocations=660 (full 146):
 garbage-first heap   total 524288K, used 229589K [0x0000000701800000, 0x0000000800000000)
  region size 2048K, 40 young (81920K), 1 survivors (2048K)
 Metaspace       used 98162K, committed 99008K, reserved 1179648K
  class space    used 13022K, committed 13504K, reserved 1048576K
}
Event: 4835.293 GC heap after
{Heap after GC invocations=661 (full 146):
 garbage-first heap   total 524288K, used 149872K [0x0000000701800000, 0x0000000800000000)
  region size 2048K, 1 young (2048K), 1 survivors (2048K)
 Metaspace       used 98162K, committed 99008K, reserved 1179648K
  class space    used 13022K, committed 13504K, reserved 1048576K
}
Event: 4838.211 GC heap before
{Heap before GC invocations=661 (full 146):
 garbage-first heap   total 524288K, used 229744K [0x0000000701800000, 0x0000000800000000)
  region size 2048K, 40 young (81920K), 1 survivors (2048K)
 Metaspace       used 98162K, committed 99008K, reserved 1179648K
  class space    used 13022K, committed 13504K, reserved 1048576K
}
Event: 4838.213 GC heap after
{Heap after GC invocations=662 (full 146):
 garbage-first heap   total 524288K, used 149915K [0x0000000701800000, 0x0000000800000000)
  region size 2048K, 1 young (2048K), 1 survivors (2048K)
 Metaspace       used 98162K, committed 99008K, reserved 1179648K
  class space    used 13022K, committed 13504K, reserved 1048576K
}
Event: 4843.122 GC heap before
{Heap before GC invocations=662 (full 146):
 garbage-first heap   total 524288K, used 229787K [0x0000000701800000, 0x0000000800000000)
  region size 2048K, 40 young (81920K), 1 survivors (2048K)
 Metaspace       used 98164K, committed 99008K, reserved 1179648K
  class space    used 13022K, committed 13504K, reserved 1048576K
}
Event: 4843.125 GC heap after
{Heap after GC invocations=663 (full 146):
 garbage-first heap   total 524288K, used 149997K [0x0000000701800000, 0x0000000800000000)
  region size 2048K, 1 young (2048K), 1 survivors (2048K)
 Metaspace       used 98164K, committed 99008K, reserved 1179648K
  class space    used 13022K, committed 13504K, reserved 1048576K
}
Event: 4877.030 GC heap before
{Heap before GC invocations=663 (full 146):
 garbage-first heap   total 524288K, used 229869K [0x0000000701800000, 0x0000000800000000)
  region size 2048K, 40 young (81920K), 1 survivors (2048K)
 Metaspace       used 98166K, committed 99008K, reserved 1179648K
  class space    used 13022K, committed 13504K, reserved 1048576K
}
Event: 4877.033 GC heap after
{Heap after GC invocations=664 (full 146):
 garbage-first heap   total 524288K, used 150237K [0x0000000701800000, 0x0000000800000000)
  region size 2048K, 1 young (2048K), 1 survivors (2048K)
 Metaspace       used 98166K, committed 99008K, reserved 1179648K
  class space    used 13022K, committed 13504K, reserved 1048576K
}
Event: 4880.054 GC heap before
{Heap before GC invocations=664 (full 146):
 garbage-first heap   total 524288K, used 230109K [0x0000000701800000, 0x0000000800000000)
  region size 2048K, 40 young (81920K), 1 survivors (2048K)
 Metaspace       used 98166K, committed 99008K, reserved 1179648K
  class space    used 13022K, committed 13504K, reserved 1048576K
}
Event: 4880.056 GC heap after
{Heap after GC invocations=665 (full 146):
 garbage-first heap   total 524288K, used 150285K [0x0000000701800000, 0x0000000800000000)
  region size 2048K, 1 young (2048K), 1 survivors (2048K)
 Metaspace       used 98166K, committed 99008K, reserved 1179648K
  class space    used 13022K, committed 13504K, reserved 1048576K
}

