# JRE version: OpenJDK Runtime Environment Temurin-17.0.7+7 (17.0.7+7) (build 17.0.7+7)
# Java VM: OpenJDK 64-Bit Server VM Temurin-17.0.7+7 (17.0.7+7, mixed mode, sharing, tiered, compressed oops, compressed class ptrs, g1 gc, windows-amd64)
GC Precious Log:
 CPUs: 20 total, 20 available
 Memory: 14029M
 Large Page Support: Disabled
 NUMA Support: Disabled
 Compressed Oops: Enabled (Zero based)
 Heap Region Size: 2M
 Heap Min Capacity: 512M
 Heap Initial Capacity: 512M
 Heap Max Capacity: 4072M
 Pre-touch: Disabled
 Parallel Workers: 15
 Concurrent Workers: 4
 Concurrent Refinement Workers: 15
 Periodic GC: Disabled
 String Deduplication is enabled
Heap:
 garbage-first heap   total 524288K, used 179338K [0x0000000701800000, 0x0000000800000000)
  region size 2048K, 33 young (67584K), 3 survivors (6144K)
 Metaspace       used 96274K, committed 97024K, reserved 1179648K
  class space    used 12873K, committed 13312K, reserved 1048576K
GC Heap History (20 events):
Event: 5207.444 GC heap before
{Heap before GC invocations=457 (full 134):
 garbage-first heap   total 524288K, used 194742K [0x0000000701800000, 0x0000000800000000)
  region size 2048K, 40 young (81920K), 3 survivors (6144K)
 Metaspace       used 96109K, committed 96768K, reserved 1179648K
  class space    used 12814K, committed 13248K, reserved 1048576K
}
Event: 5207.447 GC heap after
{Heap after GC invocations=458 (full 134):
 garbage-first heap   total 524288K, used 118850K [0x0000000701800000, 0x0000000800000000)
  region size 2048K, 3 young (6144K), 3 survivors (6144K)
 Metaspace       used 96109K, committed 96768K, reserved 1179648K
  class space    used 12814K, committed 13248K, reserved 1048576K
}
Event: 5335.536 GC heap before
{Heap before GC invocations=458 (full 134):
 garbage-first heap   total 524288K, used 194626K [0x0000000701800000, 0x0000000800000000)
  region size 2048K, 40 young (81920K), 3 survivors (6144K)
 Metaspace       used 96110K, committed 96768K, reserved 1179648K
  class space    used 12814K, committed 13248K, reserved 1048576K
}
Event: 5335.538 GC heap after
{Heap after GC invocations=459 (full 134):
 garbage-first heap   total 524288K, used 119061K [0x0000000701800000, 0x0000000800000000)
  region size 2048K, 3 young (6144K), 3 survivors (6144K)
 Metaspace       used 96110K, committed 96768K, reserved 1179648K
  class space    used 12814K, committed 13248K, reserved 1048576K
}
Event: 5475.290 GC heap before
{Heap before GC invocations=459 (full 134):
 garbage-first heap   total 524288K, used 194837K [0x0000000701800000, 0x0000000800000000)
  region size 2048K, 40 young (81920K), 3 survivors (6144K)
 Metaspace       used 96110K, committed 96768K, reserved 1179648K
  class space    used 12814K, committed 13248K, reserved 1048576K
}
Event: 5475.301 GC heap after
{Heap after GC invocations=460 (full 134):
 garbage-first heap   total 524288K, used 118941K [0x0000000701800000, 0x0000000800000000)
  region size 2048K, 3 young (6144K), 3 survivors (6144K)
 Metaspace       used 96110K, committed 96768K, reserved 1179648K
  class space    used 12814K, committed 13248K, reserved 1048576K
}
Event: 5569.236 GC heap before
{Heap before GC invocations=460 (full 134):
 garbage-first heap   total 524288K, used 194717K [0x0000000701800000, 0x0000000800000000)
  region size 2048K, 40 young (81920K), 3 survivors (6144K)
 Metaspace       used 96224K, committed 96896K, reserved 1179648K
  class space    used 12857K, committed 13248K, reserved 1048576K
}
Event: 5569.242 GC heap after
{Heap after GC invocations=461 (full 134):
 garbage-first heap   total 524288K, used 119116K [0x0000000701800000, 0x0000000800000000)
  region size 2048K, 3 young (6144K), 3 survivors (6144K)
 Metaspace       used 96224K, committed 96896K, reserved 1179648K
  class space    used 12857K, committed 13248K, reserved 1048576K
}
Event: 5711.329 GC heap before
{Heap before GC invocations=461 (full 134):
 garbage-first heap   total 524288K, used 194892K [0x0000000701800000, 0x0000000800000000)
  region size 2048K, 40 young (81920K), 3 survivors (6144K)
 Metaspace       used 96225K, committed 96896K, reserved 1179648K
  class space    used 12857K, committed 13248K, reserved 1048576K
}
Event: 5711.332 GC heap after
{Heap after GC invocations=462 (full 134):
 garbage-first heap   total 524288K, used 119160K [0x0000000701800000, 0x0000000800000000)
  region size 2048K, 3 young (6144K), 3 survivors (6144K)
 Metaspace       used 96225K, committed 96896K, reserved 1179648K
  class space    used 12857K, committed 13248K, reserved 1048576K
}
Event: 5800.906 GC heap before
{Heap before GC invocations=462 (full 134):
 garbage-first heap   total 524288K, used 194936K [0x0000000701800000, 0x0000000800000000)
  region size 2048K, 40 young (81920K), 3 survivors (6144K)
 Metaspace       used 96227K, committed 96896K, reserved 1179648K
  class space    used 12857K, committed 13248K, reserved 1048576K
}
Event: 5800.910 GC heap after
{Heap after GC invocations=463 (full 134):
 garbage-first heap   total 524288K, used 119263K [0x0000000701800000, 0x0000000800000000)
  region size 2048K, 3 young (6144K), 3 survivors (6144K)
 Metaspace       used 96227K, committed 96896K, reserved 1179648K
  class space    used 12857K, committed 13248K, reserved 1048576K
}
Event: 5940.235 GC heap before
{Heap before GC invocations=463 (full 134):
 garbage-first heap   total 524288K, used 195039K [0x0000000701800000, 0x0000000800000000)
  region size 2048K, 40 young (81920K), 3 survivors (6144K)
 Metaspace       used 96227K, committed 96896K, reserved 1179648K
  class space    used 12857K, committed 13248K, reserved 1048576K
}
Event: 5940.247 GC heap after
{Heap after GC invocations=464 (full 134):
 garbage-first heap   total 524288K, used 119237K [0x0000000701800000, 0x0000000800000000)
  region size 2048K, 3 young (6144K), 3 survivors (6144K)
 Metaspace       used 96227K, committed 96896K, reserved 1179648K
  class space    used 12857K, committed 13248K, reserved 1048576K
}
Event: 5954.607 GC heap before
{Heap before GC invocations=464 (full 134):
 garbage-first heap   total 524288K, used 195013K [0x0000000701800000, 0x0000000800000000)
  region size 2048K, 40 young (81920K), 3 survivors (6144K)
 Metaspace       used 96228K, committed 96896K, reserved 1179648K
  class space    used 12857K, committed 13248K, reserved 1048576K
}
Event: 5954.611 GC heap after
{Heap after GC invocations=465 (full 134):
 garbage-first heap   total 524288K, used 119548K [0x0000000701800000, 0x0000000800000000)
  region size 2048K, 3 young (6144K), 3 survivors (6144K)
 Metaspace       used 96228K, committed 96896K, reserved 1179648K
  class space    used 12857K, committed 13248K, reserved 1048576K
}
Event: 5957.461 GC heap before
{Heap before GC invocations=465 (full 134):
 garbage-first heap   total 524288K, used 195324K [0x0000000701800000, 0x0000000800000000)
  region size 2048K, 40 young (81920K), 3 survivors (6144K)
 Metaspace       used 96234K, committed 96960K, reserved 1179648K
  class space    used 12857K, committed 13248K, reserved 1048576K
}
Event: 5957.464 GC heap after
{Heap after GC invocations=466 (full 134):
 garbage-first heap   total 524288K, used 119345K [0x0000000701800000, 0x0000000800000000)
  region size 2048K, 3 young (6144K), 3 survivors (6144K)
 Metaspace       used 96234K, committed 96960K, reserved 1179648K
  class space    used 12857K, committed 13248K, reserved 1048576K
}
Event: 5960.633 GC heap before
{Heap before GC invocations=466 (full 134):
 garbage-first heap   total 524288K, used 193073K [0x0000000701800000, 0x0000000800000000)
  region size 2048K, 40 young (81920K), 3 survivors (6144K)
 Metaspace       used 96234K, committed 96960K, reserved 1179648K
  class space    used 12857K, committed 13248K, reserved 1048576K
}
Event: 5960.635 GC heap after
{Heap after GC invocations=467 (full 134):
 garbage-first heap   total 524288K, used 119946K [0x0000000701800000, 0x0000000800000000)
  region size 2048K, 3 young (6144K), 3 survivors (6144K)
 Metaspace       used 96234K, committed 96960K, reserved 1179648K
  class space    used 12857K, committed 13248K, reserved 1048576K
}

