# JRE version: OpenJDK Runtime Environment Temurin-17.0.7+7 (17.0.7+7) (build 17.0.7+7)
# Java VM: OpenJDK 64-Bit Server VM Temurin-17.0.7+7 (17.0.7+7, mixed mode, sharing, tiered, compressed oops, compressed class ptrs, g1 gc, windows-amd64)
GC Precious Log:
 CPUs: 20 total, 20 available
 Memory: 14029M
 Large Page Support: Disabled
 NUMA Support: Disabled
 Compressed Oops: Enabled (Zero based)
 Heap Region Size: 2M
 Heap Min Capacity: 512M
 Heap Initial Capacity: 512M
 Heap Max Capacity: 4072M
 Pre-touch: Disabled
 Parallel Workers: 15
 Concurrent Workers: 4
 Concurrent Refinement Workers: 15
 Periodic GC: Disabled
 String Deduplication is enabled
Heap:
 garbage-first heap   total 524288K, used 173549K [0x0000000701800000, 0x0000000800000000)
  region size 2048K, 29 young (59392K), 2 survivors (4096K)
 Metaspace       used 94651K, committed 95360K, reserved 1179648K
  class space    used 13069K, committed 13440K, reserved 1048576K
GC Heap History (20 events):
Event: 3340.745 GC heap before
{Heap before GC invocations=142 (full 5):
 garbage-first heap   total 524288K, used 194491K [0x0000000701800000, 0x0000000800000000)
  region size 2048K, 40 young (81920K), 3 survivors (6144K)
 Metaspace       used 94533K, committed 95296K, reserved 1179648K
  class space    used 13069K, committed 13440K, reserved 1048576K
}
Event: 3340.748 GC heap after
{Heap after GC invocations=143 (full 5):
 garbage-first heap   total 524288K, used 119715K [0x0000000701800000, 0x0000000800000000)
  region size 2048K, 3 young (6144K), 3 survivors (6144K)
 Metaspace       used 94533K, committed 95296K, reserved 1179648K
  class space    used 13069K, committed 13440K, reserved 1048576K
}
Event: 3346.602 GC heap before
{Heap before GC invocations=143 (full 5):
 garbage-first heap   total 524288K, used 195491K [0x0000000701800000, 0x0000000800000000)
  region size 2048K, 40 young (81920K), 3 survivors (6144K)
 Metaspace       used 94551K, committed 95360K, reserved 1179648K
  class space    used 13069K, committed 13440K, reserved 1048576K
}
Event: 3346.605 GC heap after
{Heap after GC invocations=144 (full 5):
 garbage-first heap   total 524288K, used 119376K [0x0000000701800000, 0x0000000800000000)
  region size 2048K, 2 young (4096K), 2 survivors (4096K)
 Metaspace       used 94551K, committed 95360K, reserved 1179648K
  class space    used 13069K, committed 13440K, reserved 1048576K
}
Event: 3353.128 GC heap before
{Heap before GC invocations=144 (full 5):
 garbage-first heap   total 524288K, used 197200K [0x0000000701800000, 0x0000000800000000)
  region size 2048K, 40 young (81920K), 2 survivors (4096K)
 Metaspace       used 94564K, committed 95360K, reserved 1179648K
  class space    used 13069K, committed 13440K, reserved 1048576K
}
Event: 3353.131 GC heap after
{Heap after GC invocations=145 (full 5):
 garbage-first heap   total 524288K, used 119606K [0x0000000701800000, 0x0000000800000000)
  region size 2048K, 2 young (4096K), 2 survivors (4096K)
 Metaspace       used 94564K, committed 95360K, reserved 1179648K
  class space    used 13069K, committed 13440K, reserved 1048576K
}
Event: 3357.125 GC heap before
{Heap before GC invocations=145 (full 5):
 garbage-first heap   total 524288K, used 197430K [0x0000000701800000, 0x0000000800000000)
  region size 2048K, 40 young (81920K), 2 survivors (4096K)
 Metaspace       used 94581K, committed 95360K, reserved 1179648K
  class space    used 13069K, committed 13440K, reserved 1048576K
}
Event: 3357.127 GC heap after
{Heap after GC invocations=146 (full 5):
 garbage-first heap   total 524288K, used 119053K [0x0000000701800000, 0x0000000800000000)
  region size 2048K, 2 young (4096K), 2 survivors (4096K)
 Metaspace       used 94581K, committed 95360K, reserved 1179648K
  class space    used 13069K, committed 13440K, reserved 1048576K
}
Event: 3393.996 GC heap before
{Heap before GC invocations=146 (full 5):
 garbage-first heap   total 524288K, used 196877K [0x0000000701800000, 0x0000000800000000)
  region size 2048K, 40 young (81920K), 2 survivors (4096K)
 Metaspace       used 94607K, committed 95360K, reserved 1179648K
  class space    used 13069K, committed 13440K, reserved 1048576K
}
Event: 3393.998 GC heap after
{Heap after GC invocations=147 (full 5):
 garbage-first heap   total 524288K, used 119075K [0x0000000701800000, 0x0000000800000000)
  region size 2048K, 2 young (4096K), 2 survivors (4096K)
 Metaspace       used 94607K, committed 95360K, reserved 1179648K
  class space    used 13069K, committed 13440K, reserved 1048576K
}
Event: 3406.862 GC heap before
{Heap before GC invocations=147 (full 5):
 garbage-first heap   total 524288K, used 196899K [0x0000000701800000, 0x0000000800000000)
  region size 2048K, 40 young (81920K), 2 survivors (4096K)
 Metaspace       used 94608K, committed 95360K, reserved 1179648K
  class space    used 13069K, committed 13440K, reserved 1048576K
}
Event: 3406.865 GC heap after
{Heap after GC invocations=148 (full 5):
 garbage-first heap   total 524288K, used 119279K [0x0000000701800000, 0x0000000800000000)
  region size 2048K, 2 young (4096K), 2 survivors (4096K)
 Metaspace       used 94608K, committed 95360K, reserved 1179648K
  class space    used 13069K, committed 13440K, reserved 1048576K
}
Event: 3409.428 GC heap before
{Heap before GC invocations=148 (full 5):
 garbage-first heap   total 524288K, used 197103K [0x0000000701800000, 0x0000000800000000)
  region size 2048K, 40 young (81920K), 2 survivors (4096K)
 Metaspace       used 94627K, committed 95360K, reserved 1179648K
  class space    used 13069K, committed 13440K, reserved 1048576K
}
Event: 3409.431 GC heap after
{Heap after GC invocations=149 (full 5):
 garbage-first heap   total 524288K, used 120041K [0x0000000701800000, 0x0000000800000000)
  region size 2048K, 2 young (4096K), 2 survivors (4096K)
 Metaspace       used 94627K, committed 95360K, reserved 1179648K
  class space    used 13069K, committed 13440K, reserved 1048576K
}
Event: 3420.955 GC heap before
{Heap before GC invocations=149 (full 5):
 garbage-first heap   total 524288K, used 197865K [0x0000000701800000, 0x0000000800000000)
  region size 2048K, 40 young (81920K), 2 survivors (4096K)
 Metaspace       used 94627K, committed 95360K, reserved 1179648K
  class space    used 13069K, committed 13440K, reserved 1048576K
}
Event: 3420.959 GC heap after
{Heap after GC invocations=150 (full 5):
 garbage-first heap   total 524288K, used 119775K [0x0000000701800000, 0x0000000800000000)
  region size 2048K, 2 young (4096K), 2 survivors (4096K)
 Metaspace       used 94627K, committed 95360K, reserved 1179648K
  class space    used 13069K, committed 13440K, reserved 1048576K
}
Event: 3421.099 GC heap before
{Heap before GC invocations=150 (full 5):
 garbage-first heap   total 524288K, used 197599K [0x0000000701800000, 0x0000000800000000)
  region size 2048K, 40 young (81920K), 2 survivors (4096K)
 Metaspace       used 94627K, committed 95360K, reserved 1179648K
  class space    used 13069K, committed 13440K, reserved 1048576K
}
Event: 3421.101 GC heap after
{Heap after GC invocations=151 (full 5):
 garbage-first heap   total 524288K, used 119728K [0x0000000701800000, 0x0000000800000000)
  region size 2048K, 2 young (4096K), 2 survivors (4096K)
 Metaspace       used 94627K, committed 95360K, reserved 1179648K
  class space    used 13069K, committed 13440K, reserved 1048576K
}
Event: 3423.478 GC heap before
{Heap before GC invocations=151 (full 5):
 garbage-first heap   total 524288K, used 197552K [0x0000000701800000, 0x0000000800000000)
  region size 2048K, 40 young (81920K), 2 survivors (4096K)
 Metaspace       used 94633K, committed 95360K, reserved 1179648K
  class space    used 13069K, committed 13440K, reserved 1048576K
}
Event: 3423.482 GC heap after
{Heap after GC invocations=152 (full 5):
 garbage-first heap   total 524288K, used 120301K [0x0000000701800000, 0x0000000800000000)
  region size 2048K, 2 young (4096K), 2 survivors (4096K)
 Metaspace       used 94633K, committed 95360K, reserved 1179648K
  class space    used 13069K, committed 13440K, reserved 1048576K
}

