# JRE version: OpenJDK Runtime Environment Temurin-17.0.7+7 (17.0.7+7) (build 17.0.7+7)
# Java VM: OpenJDK 64-Bit Server VM Temurin-17.0.7+7 (17.0.7+7, mixed mode, sharing, tiered, compressed oops, compressed class ptrs, g1 gc, windows-amd64)
GC Precious Log:
 CPUs: 20 total, 20 available
 Memory: 14029M
 Large Page Support: Disabled
 NUMA Support: Disabled
 Compressed Oops: Enabled (Zero based)
 Heap Region Size: 2M
 Heap Min Capacity: 512M
 Heap Initial Capacity: 512M
 Heap Max Capacity: 4072M
 Pre-touch: Disabled
 Parallel Workers: 15
 Concurrent Workers: 4
 Concurrent Refinement Workers: 15
 Periodic GC: Disabled
 String Deduplication is enabled
Heap:
 garbage-first heap   total 524288K, used 146684K [0x0000000701800000, 0x0000000800000000)
  region size 2048K, 29 young (59392K), 1 survivors (2048K)
 Metaspace       used 87805K, committed 88960K, reserved 1179648K
  class space    used 11573K, committed 12032K, reserved 1048576K
GC Heap History (20 events):
Event: 5947.626 GC heap before
{Heap before GC invocations=332 (full 4):
 garbage-first heap   total 524288K, used 170618K [0x0000000701800000, 0x0000000800000000)
  region size 2048K, 40 young (81920K), 1 survivors (2048K)
 Metaspace       used 87760K, committed 88960K, reserved 1179648K
  class space    used 11573K, committed 12032K, reserved 1048576K
}
Event: 5947.629 GC heap after
{Heap after GC invocations=333 (full 4):
 garbage-first heap   total 524288K, used 90502K [0x0000000701800000, 0x0000000800000000)
  region size 2048K, 1 young (2048K), 1 survivors (2048K)
 Metaspace       used 87760K, committed 88960K, reserved 1179648K
  class space    used 11573K, committed 12032K, reserved 1048576K
}
Event: 5948.875 GC heap before
{Heap before GC invocations=333 (full 4):
 garbage-first heap   total 524288K, used 170374K [0x0000000701800000, 0x0000000800000000)
  region size 2048K, 40 young (81920K), 1 survivors (2048K)
 Metaspace       used 87762K, committed 88960K, reserved 1179648K
  class space    used 11573K, committed 12032K, reserved 1048576K
}
Event: 5948.877 GC heap after
{Heap after GC invocations=334 (full 4):
 garbage-first heap   total 524288K, used 90520K [0x0000000701800000, 0x0000000800000000)
  region size 2048K, 1 young (2048K), 1 survivors (2048K)
 Metaspace       used 87762K, committed 88960K, reserved 1179648K
  class space    used 11573K, committed 12032K, reserved 1048576K
}
Event: 5954.069 GC heap before
{Heap before GC invocations=334 (full 4):
 garbage-first heap   total 524288K, used 170392K [0x0000000701800000, 0x0000000800000000)
  region size 2048K, 40 young (81920K), 1 survivors (2048K)
 Metaspace       used 87794K, committed 88960K, reserved 1179648K
  class space    used 11573K, committed 12032K, reserved 1048576K
}
Event: 5954.071 GC heap after
{Heap after GC invocations=335 (full 4):
 garbage-first heap   total 524288K, used 90995K [0x0000000701800000, 0x0000000800000000)
  region size 2048K, 1 young (2048K), 1 survivors (2048K)
 Metaspace       used 87794K, committed 88960K, reserved 1179648K
  class space    used 11573K, committed 12032K, reserved 1048576K
}
Event: 5973.079 GC heap before
{Heap before GC invocations=335 (full 4):
 garbage-first heap   total 524288K, used 168819K [0x0000000701800000, 0x0000000800000000)
  region size 2048K, 40 young (81920K), 1 survivors (2048K)
 Metaspace       used 87797K, committed 88960K, reserved 1179648K
  class space    used 11573K, committed 12032K, reserved 1048576K
}
Event: 5973.080 GC heap after
{Heap after GC invocations=336 (full 4):
 garbage-first heap   total 524288K, used 91173K [0x0000000701800000, 0x0000000800000000)
  region size 2048K, 1 young (2048K), 1 survivors (2048K)
 Metaspace       used 87797K, committed 88960K, reserved 1179648K
  class space    used 11573K, committed 12032K, reserved 1048576K
}
Event: 5985.860 GC heap before
{Heap before GC invocations=336 (full 4):
 garbage-first heap   total 524288K, used 171045K [0x0000000701800000, 0x0000000800000000)
  region size 2048K, 40 young (81920K), 1 survivors (2048K)
 Metaspace       used 87798K, committed 88960K, reserved 1179648K
  class space    used 11573K, committed 12032K, reserved 1048576K
}
Event: 5985.863 GC heap after
{Heap after GC invocations=337 (full 4):
 garbage-first heap   total 524288K, used 91280K [0x0000000701800000, 0x0000000800000000)
  region size 2048K, 2 young (4096K), 2 survivors (4096K)
 Metaspace       used 87798K, committed 88960K, reserved 1179648K
  class space    used 11573K, committed 12032K, reserved 1048576K
}
Event: 5985.922 GC heap before
{Heap before GC invocations=337 (full 4):
 garbage-first heap   total 524288K, used 169104K [0x0000000701800000, 0x0000000800000000)
  region size 2048K, 40 young (81920K), 2 survivors (4096K)
 Metaspace       used 87798K, committed 88960K, reserved 1179648K
  class space    used 11573K, committed 12032K, reserved 1048576K
}
Event: 5985.924 GC heap after
{Heap after GC invocations=338 (full 4):
 garbage-first heap   total 524288K, used 91177K [0x0000000701800000, 0x0000000800000000)
  region size 2048K, 1 young (2048K), 1 survivors (2048K)
 Metaspace       used 87798K, committed 88960K, reserved 1179648K
  class space    used 11573K, committed 12032K, reserved 1048576K
}
Event: 5990.099 GC heap before
{Heap before GC invocations=338 (full 4):
 garbage-first heap   total 524288K, used 171049K [0x0000000701800000, 0x0000000800000000)
  region size 2048K, 40 young (81920K), 1 survivors (2048K)
 Metaspace       used 87799K, committed 88960K, reserved 1179648K
  class space    used 11573K, committed 12032K, reserved 1048576K
}
Event: 5990.101 GC heap after
{Heap after GC invocations=339 (full 4):
 garbage-first heap   total 524288K, used 91662K [0x0000000701800000, 0x0000000800000000)
  region size 2048K, 2 young (4096K), 2 survivors (4096K)
 Metaspace       used 87799K, committed 88960K, reserved 1179648K
  class space    used 11573K, committed 12032K, reserved 1048576K
}
Event: 5993.970 GC heap before
{Heap before GC invocations=339 (full 4):
 garbage-first heap   total 524288K, used 169486K [0x0000000701800000, 0x0000000800000000)
  region size 2048K, 40 young (81920K), 2 survivors (4096K)
 Metaspace       used 87799K, committed 88960K, reserved 1179648K
  class space    used 11573K, committed 12032K, reserved 1048576K
}
Event: 5993.972 GC heap after
{Heap after GC invocations=340 (full 4):
 garbage-first heap   total 524288K, used 91358K [0x0000000701800000, 0x0000000800000000)
  region size 2048K, 1 young (2048K), 1 survivors (2048K)
 Metaspace       used 87799K, committed 88960K, reserved 1179648K
  class space    used 11573K, committed 12032K, reserved 1048576K
}
Event: 6002.353 GC heap before
{Heap before GC invocations=340 (full 4):
 garbage-first heap   total 524288K, used 171230K [0x0000000701800000, 0x0000000800000000)
  region size 2048K, 40 young (81920K), 1 survivors (2048K)
 Metaspace       used 87805K, committed 88960K, reserved 1179648K
  class space    used 11573K, committed 12032K, reserved 1048576K
}
Event: 6002.355 GC heap after
{Heap after GC invocations=341 (full 4):
 garbage-first heap   total 524288K, used 91735K [0x0000000701800000, 0x0000000800000000)
  region size 2048K, 2 young (4096K), 2 survivors (4096K)
 Metaspace       used 87805K, committed 88960K, reserved 1179648K
  class space    used 11573K, committed 12032K, reserved 1048576K
}
Event: 6004.482 GC heap before
{Heap before GC invocations=341 (full 4):
 garbage-first heap   total 524288K, used 169559K [0x0000000701800000, 0x0000000800000000)
  region size 2048K, 40 young (81920K), 2 survivors (4096K)
 Metaspace       used 87805K, committed 88960K, reserved 1179648K
  class space    used 11573K, committed 12032K, reserved 1048576K
}
Event: 6004.485 GC heap after
{Heap after GC invocations=342 (full 4):
 garbage-first heap   total 524288K, used 91388K [0x0000000701800000, 0x0000000800000000)
  region size 2048K, 1 young (2048K), 1 survivors (2048K)
 Metaspace       used 87805K, committed 88960K, reserved 1179648K
  class space    used 11573K, committed 12032K, reserved 1048576K
}

