# JRE version: OpenJDK Runtime Environment Temurin-17.0.7+7 (17.0.7+7) (build 17.0.7+7)
# Java VM: OpenJDK 64-Bit Server VM Temurin-17.0.7+7 (17.0.7+7, mixed mode, sharing, tiered, compressed oops, compressed class ptrs, g1 gc, windows-amd64)
GC Precious Log:
 CPUs: 20 total, 20 available
 Memory: 14029M
 Large Page Support: Disabled
 NUMA Support: Disabled
 Compressed Oops: Enabled (Zero based)
 Heap Region Size: 2M
 Heap Min Capacity: 512M
 Heap Initial Capacity: 512M
 Heap Max Capacity: 4072M
 Pre-touch: Disabled
 Parallel Workers: 15
 Concurrent Workers: 4
 Concurrent Refinement Workers: 15
 Periodic GC: Disabled
 String Deduplication is enabled
Heap:
 garbage-first heap   total 608256K, used 194649K [0x0000000701800000, 0x0000000800000000)
  region size 2048K, 7 young (14336K), 1 survivors (2048K)
 Metaspace       used 106469K, committed 107136K, reserved 1179648K
  class space    used 15257K, committed 15616K, reserved 1048576K
GC Heap History (20 events):
Event: 3430.833 GC heap before
{Heap before GC invocations=306 (full 44):
 garbage-first heap   total 608256K, used 264015K [0x0000000701800000, 0x0000000800000000)
  region size 2048K, 40 young (81920K), 1 survivors (2048K)
 Metaspace       used 106452K, committed 107136K, reserved 1179648K
  class space    used 15257K, committed 15616K, reserved 1048576K
}
Event: 3430.839 GC heap after
{Heap after GC invocations=307 (full 44):
 garbage-first heap   total 608256K, used 184408K [0x0000000701800000, 0x0000000800000000)
  region size 2048K, 1 young (2048K), 1 survivors (2048K)
 Metaspace       used 106452K, committed 107136K, reserved 1179648K
  class space    used 15257K, committed 15616K, reserved 1048576K
}
Event: 3493.503 GC heap before
{Heap before GC invocations=307 (full 44):
 garbage-first heap   total 608256K, used 264280K [0x0000000701800000, 0x0000000800000000)
  region size 2048K, 40 young (81920K), 1 survivors (2048K)
 Metaspace       used 106452K, committed 107136K, reserved 1179648K
  class space    used 15257K, committed 15616K, reserved 1048576K
}
Event: 3493.506 GC heap after
{Heap after GC invocations=308 (full 44):
 garbage-first heap   total 608256K, used 184125K [0x0000000701800000, 0x0000000800000000)
  region size 2048K, 1 young (2048K), 1 survivors (2048K)
 Metaspace       used 106452K, committed 107136K, reserved 1179648K
  class space    used 15257K, committed 15616K, reserved 1048576K
}
Event: 3497.454 GC heap before
{Heap before GC invocations=308 (full 44):
 garbage-first heap   total 608256K, used 263997K [0x0000000701800000, 0x0000000800000000)
  region size 2048K, 40 young (81920K), 1 survivors (2048K)
 Metaspace       used 106452K, committed 107136K, reserved 1179648K
  class space    used 15257K, committed 15616K, reserved 1048576K
}
Event: 3497.462 GC heap after
{Heap after GC invocations=309 (full 44):
 garbage-first heap   total 608256K, used 184566K [0x0000000701800000, 0x0000000800000000)
  region size 2048K, 1 young (2048K), 1 survivors (2048K)
 Metaspace       used 106452K, committed 107136K, reserved 1179648K
  class space    used 15257K, committed 15616K, reserved 1048576K
}
Event: 3500.186 GC heap before
{Heap before GC invocations=309 (full 44):
 garbage-first heap   total 608256K, used 264438K [0x0000000701800000, 0x0000000800000000)
  region size 2048K, 40 young (81920K), 1 survivors (2048K)
 Metaspace       used 106456K, committed 107136K, reserved 1179648K
  class space    used 15257K, committed 15616K, reserved 1048576K
}
Event: 3500.188 GC heap after
{Heap after GC invocations=310 (full 44):
 garbage-first heap   total 608256K, used 184036K [0x0000000701800000, 0x0000000800000000)
  region size 2048K, 1 young (2048K), 1 survivors (2048K)
 Metaspace       used 106456K, committed 107136K, reserved 1179648K
  class space    used 15257K, committed 15616K, reserved 1048576K
}
Event: 3509.223 GC heap before
{Heap before GC invocations=310 (full 44):
 garbage-first heap   total 608256K, used 263908K [0x0000000701800000, 0x0000000800000000)
  region size 2048K, 40 young (81920K), 1 survivors (2048K)
 Metaspace       used 106457K, committed 107136K, reserved 1179648K
  class space    used 15257K, committed 15616K, reserved 1048576K
}
Event: 3509.225 GC heap after
{Heap after GC invocations=311 (full 44):
 garbage-first heap   total 608256K, used 184063K [0x0000000701800000, 0x0000000800000000)
  region size 2048K, 1 young (2048K), 1 survivors (2048K)
 Metaspace       used 106457K, committed 107136K, reserved 1179648K
  class space    used 15257K, committed 15616K, reserved 1048576K
}
Event: 3510.847 GC heap before
{Heap before GC invocations=311 (full 44):
 garbage-first heap   total 608256K, used 263935K [0x0000000701800000, 0x0000000800000000)
  region size 2048K, 40 young (81920K), 1 survivors (2048K)
 Metaspace       used 106458K, committed 107136K, reserved 1179648K
  class space    used 15257K, committed 15616K, reserved 1048576K
}
Event: 3510.852 GC heap after
{Heap after GC invocations=312 (full 44):
 garbage-first heap   total 608256K, used 184073K [0x0000000701800000, 0x0000000800000000)
  region size 2048K, 1 young (2048K), 1 survivors (2048K)
 Metaspace       used 106458K, committed 107136K, reserved 1179648K
  class space    used 15257K, committed 15616K, reserved 1048576K
}
Event: 3510.991 GC heap before
{Heap before GC invocations=312 (full 44):
 garbage-first heap   total 608256K, used 263945K [0x0000000701800000, 0x0000000800000000)
  region size 2048K, 40 young (81920K), 1 survivors (2048K)
 Metaspace       used 106458K, committed 107136K, reserved 1179648K
  class space    used 15257K, committed 15616K, reserved 1048576K
}
Event: 3510.994 GC heap after
{Heap after GC invocations=313 (full 44):
 garbage-first heap   total 608256K, used 183942K [0x0000000701800000, 0x0000000800000000)
  region size 2048K, 1 young (2048K), 1 survivors (2048K)
 Metaspace       used 106458K, committed 107136K, reserved 1179648K
  class space    used 15257K, committed 15616K, reserved 1048576K
}
Event: 3513.657 GC heap before
{Heap before GC invocations=313 (full 44):
 garbage-first heap   total 608256K, used 263814K [0x0000000701800000, 0x0000000800000000)
  region size 2048K, 40 young (81920K), 1 survivors (2048K)
 Metaspace       used 106460K, committed 107136K, reserved 1179648K
  class space    used 15257K, committed 15616K, reserved 1048576K
}
Event: 3513.659 GC heap after
{Heap after GC invocations=314 (full 44):
 garbage-first heap   total 608256K, used 184540K [0x0000000701800000, 0x0000000800000000)
  region size 2048K, 1 young (2048K), 1 survivors (2048K)
 Metaspace       used 106460K, committed 107136K, reserved 1179648K
  class space    used 15257K, committed 15616K, reserved 1048576K
}
Event: 3519.659 GC heap before
{Heap before GC invocations=314 (full 44):
 garbage-first heap   total 608256K, used 264412K [0x0000000701800000, 0x0000000800000000)
  region size 2048K, 40 young (81920K), 1 survivors (2048K)
 Metaspace       used 106461K, committed 107136K, reserved 1179648K
  class space    used 15257K, committed 15616K, reserved 1048576K
}
Event: 3519.662 GC heap after
{Heap after GC invocations=315 (full 44):
 garbage-first heap   total 608256K, used 184671K [0x0000000701800000, 0x0000000800000000)
  region size 2048K, 1 young (2048K), 1 survivors (2048K)
 Metaspace       used 106461K, committed 107136K, reserved 1179648K
  class space    used 15257K, committed 15616K, reserved 1048576K
}
Event: 3522.559 GC heap before
{Heap before GC invocations=315 (full 44):
 garbage-first heap   total 608256K, used 264543K [0x0000000701800000, 0x0000000800000000)
  region size 2048K, 40 young (81920K), 1 survivors (2048K)
 Metaspace       used 106469K, committed 107136K, reserved 1179648K
  class space    used 15257K, committed 15616K, reserved 1048576K
}
Event: 3522.562 GC heap after
{Heap after GC invocations=316 (full 44):
 garbage-first heap   total 608256K, used 184409K [0x0000000701800000, 0x0000000800000000)
  region size 2048K, 1 young (2048K), 1 survivors (2048K)
 Metaspace       used 106469K, committed 107136K, reserved 1179648K
  class space    used 15257K, committed 15616K, reserved 1048576K
}

