# JRE version: OpenJDK Runtime Environment Temurin-17.0.7+7 (17.0.7+7) (build 17.0.7+7)
# Java VM: OpenJDK 64-Bit Server VM Temurin-17.0.7+7 (17.0.7+7, mixed mode, sharing, tiered, compressed oops, compressed class ptrs, g1 gc, windows-amd64)
GC Precious Log:
 CPUs: 20 total, 20 available
 Memory: 14029M
 Large Page Support: Disabled
 NUMA Support: Disabled
 Compressed Oops: Enabled (Zero based)
 Heap Region Size: 2M
 Heap Min Capacity: 512M
 Heap Initial Capacity: 512M
 Heap Max Capacity: 4072M
 Pre-touch: Disabled
 Parallel Workers: 15
 Concurrent Workers: 4
 Concurrent Refinement Workers: 15
 Periodic GC: Disabled
 String Deduplication is enabled
Heap:
 garbage-first heap   total 524288K, used 194436K [0x0000000701800000, 0x0000000800000000)
  region size 2048K, 39 young (79872K), 1 survivors (2048K)
 Metaspace       used 95633K, committed 96640K, reserved 1179648K
  class space    used 12830K, committed 13312K, reserved 1048576K
GC Heap History (20 events):
Event: 4309.195 GC heap before
{Heap before GC invocations=287 (full 6):
 garbage-first heap   total 524288K, used 192872K [0x0000000701800000, 0x0000000800000000)
  region size 2048K, 40 young (81920K), 1 survivors (2048K)
 Metaspace       used 95435K, committed 96576K, reserved 1179648K
  class space    used 12827K, committed 13312K, reserved 1048576K
}
Event: 4309.198 GC heap after
{Heap after GC invocations=288 (full 6):
 garbage-first heap   total 524288K, used 117461K [0x0000000701800000, 0x0000000800000000)
  region size 2048K, 3 young (6144K), 3 survivors (6144K)
 Metaspace       used 95435K, committed 96576K, reserved 1179648K
  class space    used 12827K, committed 13312K, reserved 1048576K
}
Event: 4310.080 GC heap before
{Heap before GC invocations=288 (full 6):
 garbage-first heap   total 524288K, used 193237K [0x0000000701800000, 0x0000000800000000)
  region size 2048K, 40 young (81920K), 3 survivors (6144K)
 Metaspace       used 95437K, committed 96576K, reserved 1179648K
  class space    used 12827K, committed 13312K, reserved 1048576K
}
Event: 4310.084 GC heap after
{Heap after GC invocations=289 (full 6):
 garbage-first heap   total 524288K, used 115590K [0x0000000701800000, 0x0000000800000000)
  region size 2048K, 3 young (6144K), 3 survivors (6144K)
 Metaspace       used 95437K, committed 96576K, reserved 1179648K
  class space    used 12827K, committed 13312K, reserved 1048576K
}
Event: 4315.591 GC heap before
{Heap before GC invocations=289 (full 6):
 garbage-first heap   total 524288K, used 191366K [0x0000000701800000, 0x0000000800000000)
  region size 2048K, 40 young (81920K), 3 survivors (6144K)
 Metaspace       used 95450K, committed 96576K, reserved 1179648K
  class space    used 12827K, committed 13312K, reserved 1048576K
}
Event: 4315.594 GC heap after
{Heap after GC invocations=290 (full 6):
 garbage-first heap   total 524288K, used 116288K [0x0000000701800000, 0x0000000800000000)
  region size 2048K, 3 young (6144K), 3 survivors (6144K)
 Metaspace       used 95450K, committed 96576K, reserved 1179648K
  class space    used 12827K, committed 13312K, reserved 1048576K
}
Event: 4317.119 GC heap before
{Heap before GC invocations=290 (full 6):
 garbage-first heap   total 524288K, used 192064K [0x0000000701800000, 0x0000000800000000)
  region size 2048K, 41 young (83968K), 3 survivors (6144K)
 Metaspace       used 95482K, committed 96576K, reserved 1179648K
  class space    used 12827K, committed 13312K, reserved 1048576K
}
Event: 4317.123 GC heap after
{Heap after GC invocations=291 (full 6):
 garbage-first heap   total 524288K, used 120187K [0x0000000701800000, 0x0000000800000000)
  region size 2048K, 3 young (6144K), 3 survivors (6144K)
 Metaspace       used 95482K, committed 96576K, reserved 1179648K
  class space    used 12827K, committed 13312K, reserved 1048576K
}
Event: 4317.245 GC heap before
{Heap before GC invocations=291 (full 6):
 garbage-first heap   total 524288K, used 136571K [0x0000000701800000, 0x0000000800000000)
  region size 2048K, 9 young (18432K), 3 survivors (6144K)
 Metaspace       used 95534K, committed 96576K, reserved 1179648K
  class space    used 12829K, committed 13312K, reserved 1048576K
}
Event: 4317.310 GC heap after
{Heap after GC invocations=292 (full 7):
 garbage-first heap   total 524288K, used 115211K [0x0000000701800000, 0x0000000800000000)
  region size 2048K, 0 young (0K), 0 survivors (0K)
 Metaspace       used 95534K, committed 96576K, reserved 1179648K
  class space    used 12829K, committed 13312K, reserved 1048576K
}
Event: 4326.002 GC heap before
{Heap before GC invocations=292 (full 7):
 garbage-first heap   total 524288K, used 199179K [0x0000000701800000, 0x0000000800000000)
  region size 2048K, 40 young (81920K), 0 survivors (0K)
 Metaspace       used 95608K, committed 96640K, reserved 1179648K
  class space    used 12830K, committed 13312K, reserved 1048576K
}
Event: 4326.004 GC heap after
{Heap after GC invocations=293 (full 7):
 garbage-first heap   total 524288K, used 118598K [0x0000000701800000, 0x0000000800000000)
  region size 2048K, 1 young (2048K), 1 survivors (2048K)
 Metaspace       used 95608K, committed 96640K, reserved 1179648K
  class space    used 12830K, committed 13312K, reserved 1048576K
}
Event: 4329.352 GC heap before
{Heap before GC invocations=293 (full 7):
 garbage-first heap   total 524288K, used 198470K [0x0000000701800000, 0x0000000800000000)
  region size 2048K, 40 young (81920K), 1 survivors (2048K)
 Metaspace       used 95621K, committed 96640K, reserved 1179648K
  class space    used 12830K, committed 13312K, reserved 1048576K
}
Event: 4329.354 GC heap after
{Heap after GC invocations=294 (full 7):
 garbage-first heap   total 524288K, used 118088K [0x0000000701800000, 0x0000000800000000)
  region size 2048K, 1 young (2048K), 1 survivors (2048K)
 Metaspace       used 95621K, committed 96640K, reserved 1179648K
  class space    used 12830K, committed 13312K, reserved 1048576K
}
Event: 4457.608 GC heap before
{Heap before GC invocations=294 (full 7):
 garbage-first heap   total 524288K, used 197960K [0x0000000701800000, 0x0000000800000000)
  region size 2048K, 40 young (81920K), 1 survivors (2048K)
 Metaspace       used 95621K, committed 96640K, reserved 1179648K
  class space    used 12830K, committed 13312K, reserved 1048576K
}
Event: 4457.611 GC heap after
{Heap after GC invocations=295 (full 7):
 garbage-first heap   total 524288K, used 118072K [0x0000000701800000, 0x0000000800000000)
  region size 2048K, 1 young (2048K), 1 survivors (2048K)
 Metaspace       used 95621K, committed 96640K, reserved 1179648K
  class space    used 12830K, committed 13312K, reserved 1048576K
}
Event: 4634.458 GC heap before
{Heap before GC invocations=295 (full 7):
 garbage-first heap   total 524288K, used 197944K [0x0000000701800000, 0x0000000800000000)
  region size 2048K, 40 young (81920K), 1 survivors (2048K)
 Metaspace       used 95621K, committed 96640K, reserved 1179648K
  class space    used 12830K, committed 13312K, reserved 1048576K
}
Event: 4634.460 GC heap after
{Heap after GC invocations=296 (full 7):
 garbage-first heap   total 524288K, used 118346K [0x0000000701800000, 0x0000000800000000)
  region size 2048K, 1 young (2048K), 1 survivors (2048K)
 Metaspace       used 95621K, committed 96640K, reserved 1179648K
  class space    used 12830K, committed 13312K, reserved 1048576K
}
Event: 4637.587 GC heap before
{Heap before GC invocations=296 (full 7):
 garbage-first heap   total 524288K, used 198218K [0x0000000701800000, 0x0000000800000000)
  region size 2048K, 40 young (81920K), 1 survivors (2048K)
 Metaspace       used 95630K, committed 96640K, reserved 1179648K
  class space    used 12830K, committed 13312K, reserved 1048576K
}
Event: 4637.590 GC heap after
{Heap after GC invocations=297 (full 7):
 garbage-first heap   total 524288K, used 118660K [0x0000000701800000, 0x0000000800000000)
  region size 2048K, 1 young (2048K), 1 survivors (2048K)
 Metaspace       used 95630K, committed 96640K, reserved 1179648K
  class space    used 12830K, committed 13312K, reserved 1048576K
}

